----------

Mon Oct 16 2023 17:02:44 GMT+0100 (British Summer Time)

The filename, directory name, or volume label syntax is incorrect.


----------

Mon Oct 16 2023 17:02:44 GMT+0100 (British Summer Time)

warning: in the working copy of 'assets/bootstrap/css/bootstrap.min.css', LF will be replaced by CRLF the next time Git touches it


----------

Mon Oct 16 2023 17:02:44 GMT+0100 (British Summer Time)

warning: in the working copy of 'assets/bootstrap/js/bootstrap.min.js', LF will be replaced by CRLF the next time Git touches it


----------

Mon Oct 16 2023 17:02:44 GMT+0100 (British Summer Time)

warning: in the working copy of 'assets/fonts/fa-brands-400.svg', LF will be replaced by CRLF the next time Git touches it


----------

Mon Oct 16 2023 17:02:44 GMT+0100 (British Summer Time)

warning: in the working copy of 'assets/fonts/fa-regular-400.svg', LF will be replaced by CRLF the next time Git touches it


----------

Mon Oct 16 2023 17:02:44 GMT+0100 (British Summer Time)

warning: in the working copy of 'assets/fonts/fa-solid-900.svg', LF will be replaced by CRLF the next time Git touches it


----------

Mon Oct 16 2023 17:02:44 GMT+0100 (British Summer Time)

warning: in the working copy of 'assets/fonts/fontawesome-all.min.css', LF will be replaced by CRLF the next time Git touches it


----------

Mon Oct 16 2023 17:02:44 GMT+0100 (British Summer Time)

warning: in the working copy of 'contact.html', LF will be replaced by CRLF the next time Git touches it


----------

Mon Oct 16 2023 17:02:44 GMT+0100 (British Summer Time)

warning: in the working copy of 'cv.html', LF will be replaced by CRLF the next time Git touches it


----------

Mon Oct 16 2023 17:02:44 GMT+0100 (British Summer Time)

warning: in the working copy of 'error.log', LF will be replaced by CRLF the next time Git touches it


----------

Mon Oct 16 2023 17:02:44 GMT+0100 (British Summer Time)

warning: in the working copy of 'index.html', LF will be replaced by CRLF the next time Git touches it


----------

Mon Oct 16 2023 17:02:44 GMT+0100 (British Summer Time)

warning: in the working copy of 'projects.html', LF will be replaced by CRLF the next time Git touches it


----------

Mon Oct 16 2023 17:02:49 GMT+0100 (British Summer Time)

To https://github.com/alfie-3/alfie-3.github.io.git
   f65a2c2..910db9c  main -> main


----------

Mon Oct 16 2023 18:02:11 GMT+0100 (British Summer Time)

The filename, directory name, or volume label syntax is incorrect.


